      0 txtMap v0.45 20080624
      0 entrada: /home/baltasarq/prys/txtmap/trono/trono.txt
      0 ========================
     14 nueva localidad 'Sala del Trono'
     15 tomando descripción
     17 tomando descripción
     19 tomando desc. objeto
     19 Aceptando descripción de objeto 
     19 Objeto tapices
     28 tomando objeto
     28 Creando/modificando objeto (coger).
     28 Objeto dinero
     31 tomando desc. objeto
     31 Aceptando descripción de objeto 
     31 Objeto dinero
     34 tomando inventario
     34 Añadiendo objetos al inventario.
     45 tomando desc. objeto
     45 Aceptando descripción de objeto 
     45 Objeto cortesanos
     55 nueva localidad 'Pasillo Principal'
     55 'Sala del Trono' por SUR a 'Pasillo Principal'
     55 'Pasillo Principal' por [inversa]  NORTE a 'Sala del Trono'
     56 tomando descripción
     57 tomando descripción
     59 preparando primer movimiento
     61 nueva localidad 'Patio de armas'
     61 'Pasillo Principal' por SUR a 'Patio de armas'
     61 'Patio de armas' por [inversa]  NORTE a 'Pasillo Principal'
     62 tomando descripción
     63 tomando descripción
     65 preparando primer movimiento
     65 Patio de armas por AFUERA a Plaza del castillo
     66 Patio de armas por ADENTRO a Carruaje
     69 nueva localidad 'Almenar'
     69 'Patio de armas' por ARRIBA a 'Almenar'
     69 'Almenar' por [inversa]  ABAJO a 'Patio de armas'
     70 tomando descripción
     71 tomando descripción
     73 tomando descripción
     75 preparando primer movimiento
     92 Almenar por ABAJO a Patio de armas
     94 nueva localidad 'Plaza del castillo'
     95 tomando descripción
     96 tomando descripción
     98 tomando desc. objeto
     98 Aceptando descripción de objeto 
     98 Objeto mercado
    102 tomando desc. objeto
    102 Aceptando descripción de objeto 
    102 Objeto puesto de fruta
    112 tomando desc. objeto
    112 Aceptando descripción de objeto 
    112 Objeto bolsa
    115 Plaza del castillo por ADENTRO a Plaza del castillo
    116 Plaza del castillo por SUR a Puerta sur
    117 Plaza del castillo por ESTE a Calle al este de la plaza
    120 nueva localidad 'Calle al noreste de la plaza'
    120 'Plaza del castillo' por NORDESTE a 'Calle al noreste de la plaza'
    120     120: Calle al noreste de la plaza
    120, ERROR sintaxis (id excede max. longitud permitida).

