      0 txtMap v0.51 20140418
      0 entrada: samples/ejemplo.txt
      0 ========================
      2 nueva localidad 'Salón'
      3 tomando desc.
      4 tomando desc.
      5 tomando grf. de localidad
      6 preparando primer movimiento
      7 nueva localidad 'Bodega'
      7 'Salón' por ABAJO a 'Bodega'
      7 'Bodega' por [inversa]  ARRIBA a 'Salón'
      8 tomando desc.
      9 tomando desc.
     10 tomando desc.
     11 preparando primer movimiento
     11 Bodega por ADENTRO a Sala de la prensadora
     13 nueva localidad 'Sala de la prensadora'
     13 'Bodega' por ESTE a 'Sala de la prensadora'
     13 'Sala de la prensadora' por [inversa]  OESTE a 'Bodega'
     14 tomando msc. de localidad
     15 tomando grf. de localidad
     16 tomando desc.
     17 tomando desc.
     18 tomando desc.
     19 tomando desc.
     20 tomando desc.
     21 preparando primer movimiento
     21 Sala de la prensadora por AFUERA a Bodega
     22 Sala de la prensadora por ESTE a Salón
     23 Sala de la prensadora por ABAJO a Bodega
     24      24: 
     24, ERROR entrada/salida (creando samples/htmlEjemplo/locbodega.html
).

