      0 txtMap v0.4 20060605
      0 entrada: WOW.TXT
      0 ========================
      7 nueva localidad 'In front of a Brick Building'
      9 tomando descripción
     11 tomando descripción
     13 preparando primer movimiento
     29 In front of a Brick Building por ESTE a Cramhollow Dale
     30 In front of a Brick Building por NORDESTE a Ramshackle House
     42 Creando objeto (coger).
     42 Objeto dagger
     45 Aceptando descripción de objeto 
     45 Objeto dagger
     76 FINLOC encontrado
     76 FINLOC encontrado
     78 nueva localidad 'Cramhollow Dale'
     80 tomando descripción
     82 preparando primer movimiento
     82 Cramhollow Dale por OESTE a In front of a Brick Building
     92 FINLOC encontrado
     92 FINLOC encontrado
     94 nueva localidad 'Ramshackle House'
     95 tomando descripción
     97 preparando primer movimiento
     97 Ramshackle House por SUDOESTE a In front of a Brick Building
     98 Aceptando descripción de objeto 
     98 Objeto field
    101 Aceptando descripción de objeto 
    101 Objeto kobolds
    135 Fín del proceso de WOW.TXT ...
